<?xml version="1.0" encoding="UTF-8"?>
<!-- Generated by org.testng.reporters.JUnitReportReporter -->
<testsuite hostname="DESKTOP-8S455D7" failures="0" tests="1" name="com.rmgyantra.projecttest.AddProjectWithOnGoingStatus" time="0.086" errors="0" timestamp="12 Nov 2021 08:58:49 GMT" skipped="0">
  <testcase classname="com.rmgyantra.projecttest.AddProjectWithOnGoingStatus" name="addProjectWithCompletedStatusTest" time="0.086"/>
</testsuite> <!-- com.rmgyantra.projecttest.AddProjectWithOnGoingStatus -->
