<?xml version="1.0" encoding="UTF-8"?>
<!-- Generated by org.testng.reporters.JUnitReportReporter -->
<testsuite hostname="DESKTOP-8S455D7" failures="0" tests="1" name="com.rmgyantra.projecttest.AddProjectWithCompletedStatus" time="2.395" errors="0" timestamp="12 Nov 2021 08:58:49 GMT" skipped="0">
  <testcase classname="com.rmgyantra.projecttest.AddProjectWithCompletedStatus" name="addProjectWithCompletedStatusTest" time="2.395"/>
</testsuite> <!-- com.rmgyantra.projecttest.AddProjectWithCompletedStatus -->
