<?xml version="1.0" encoding="UTF-8"?>
<!-- Generated by org.testng.reporters.JUnitReportReporter -->
<testsuite hostname="DESKTOP-8S455D7" failures="0" tests="1" name="com.rmgyantra.project.end2endtest.Create_Project_and_Allocate_USER" time="3.247" errors="0" timestamp="12 Nov 2021 11:28:10 GMT" skipped="0">
  <testcase classname="com.rmgyantra.project.end2endtest.Create_Project_and_Allocate_USER" name="createProject_WithUSer" time="3.247"/>
</testsuite> <!-- com.rmgyantra.project.end2endtest.Create_Project_and_Allocate_USER -->
